SF:lib/listen_it.dart
DA:51,1
DA:54,1
DA:55,3
DA:56,2
DA:60,1
DA:61,1
DA:95,1
DA:98,1
DA:99,4
DA:100,2
DA:116,7
DA:117,7
DA:118,14
DA:139,3
DA:140,3
DA:141,6
DA:182,4
DA:187,8
DA:189,4
DA:195,1
DA:197,4
DA:233,2
DA:234,4
DA:245,3
DA:246,3
DA:247,3
DA:298,4
DA:302,4
DA:303,12
DA:319,3
DA:323,3
DA:324,12
DA:341,3
DA:346,3
DA:347,12
DA:348,3
DA:370,3
DA:376,3
DA:377,12
DA:378,6
DA:402,3
DA:409,3
DA:410,12
DA:411,9
DA:469,5
DA:473,10
DA:484,1
DA:485,1
DA:486,1
DA:490,1
DA:491,1
DA:492,3
DA:493,3
DA:494,1
LF:54
LH:54
end_of_record
SF:lib/src/functional_change_notifiers.dart
DA:12,1
DA:18,1
DA:20,3
DA:21,1
DA:24,1
DA:26,1
DA:27,0
DA:29,1
DA:32,1
DA:34,3
DA:35,1
DA:43,1
DA:46,1
DA:47,1
DA:50,1
DA:52,2
DA:53,2
DA:54,4
DA:56,1
LF:19
LH:18
end_of_record
SF:lib/src/functional_value_notifiers.dart
DA:14,7
DA:21,8
DA:27,7
DA:29,21
DA:30,7
DA:33,7
DA:35,7
DA:36,14
DA:38,7
DA:41,2
DA:43,2
DA:44,6
DA:46,2
DA:54,4
DA:61,3
DA:63,6
DA:64,9
DA:65,6
DA:66,3
DA:69,3
DA:76,7
DA:83,7
DA:85,14
DA:86,28
DA:88,7
DA:95,4
DA:102,4
DA:104,8
DA:105,12
DA:106,8
DA:109,4
DA:117,2
DA:124,2
DA:126,3
DA:127,2
DA:128,1
DA:129,5
DA:131,2
DA:136,3
DA:142,3
DA:144,5
DA:145,8
DA:147,3
DA:160,4
DA:169,0
DA:173,4
DA:177,4
DA:178,24
DA:179,8
DA:180,8
DA:181,4
DA:184,4
DA:188,4
DA:189,12
DA:191,4
DA:194,1
DA:196,1
DA:197,3
DA:198,3
DA:200,1
DA:219,3
DA:228,0
DA:232,3
DA:237,11
DA:238,2
DA:239,2
DA:240,2
DA:242,6
DA:243,6
DA:244,6
DA:245,3
DA:248,3
DA:252,3
DA:253,12
DA:255,3
DA:258,1
DA:260,1
DA:261,3
DA:262,3
DA:263,3
DA:265,1
DA:286,3
DA:296,0
DA:297,0
DA:298,0
DA:299,0
DA:300,0
DA:305,3
DA:311,11
DA:312,2
DA:313,2
DA:314,2
DA:315,2
DA:317,6
DA:318,6
DA:319,6
DA:320,6
DA:321,3
DA:324,3
DA:328,3
DA:329,3
DA:330,3
DA:331,3
DA:332,3
DA:333,3
DA:336,3
DA:339,1
DA:341,1
DA:342,3
DA:343,3
DA:344,3
DA:345,3
DA:347,1
DA:370,3
DA:381,0
DA:382,0
DA:383,0
DA:384,0
DA:385,0
DA:386,0
DA:391,3
DA:398,11
DA:399,2
DA:400,2
DA:401,2
DA:402,2
DA:403,2
DA:405,6
DA:406,6
DA:407,6
DA:408,6
DA:409,6
DA:410,3
DA:413,3
DA:417,3
DA:418,3
DA:419,3
DA:420,3
DA:421,3
DA:422,3
DA:423,3
DA:426,3
DA:429,1
DA:431,1
DA:432,3
DA:433,3
DA:434,3
DA:435,3
DA:436,3
DA:438,1
DA:457,3
DA:469,0
DA:470,0
DA:471,0
DA:472,0
DA:473,0
DA:474,0
DA:475,0
DA:480,3
DA:488,11
DA:489,2
DA:490,2
DA:491,2
DA:492,2
DA:493,2
DA:494,2
DA:496,6
DA:497,6
DA:498,6
DA:499,6
DA:500,6
DA:501,6
DA:502,3
DA:505,3
DA:509,3
DA:510,3
DA:511,3
DA:512,3
DA:513,3
DA:514,3
DA:515,3
DA:516,3
DA:519,3
DA:522,1
DA:524,1
DA:525,3
DA:526,3
DA:527,3
DA:528,3
DA:529,3
DA:530,3
DA:532,1
DA:540,5
DA:545,5
DA:547,5
DA:549,15
DA:550,5
DA:551,9
DA:552,5
DA:553,2
DA:555,5
DA:557,11
DA:558,5
DA:561,2
DA:563,1
DA:565,1
DA:566,3
DA:568,1
LF:208
LH:188
end_of_record
SF:lib/src/custom_value_notifier.dart
DA:13,8
DA:14,4
DA:46,3
DA:47,6
DA:48,3
DA:49,2
DA:50,1
DA:51,1
DA:56,3
DA:77,1
DA:79,2
DA:100,3
DA:104,3
DA:105,6
DA:107,3
DA:110,3
DA:140,3
DA:142,6
DA:145,3
DA:148,12
DA:149,6
DA:150,6
DA:153,12
DA:154,9
DA:155,9
DA:157,3
DA:160,12
DA:163,2
DA:169,4
DA:170,10
DA:172,4
DA:175,3
DA:176,3
DA:180,5
DA:181,4
DA:184,2
DA:189,3
DA:190,5
DA:192,3
DA:209,2
DA:216,6
DA:217,4
DA:218,2
DA:219,4
DA:224,2
DA:225,2
DA:229,2
DA:245,2
DA:248,4
DA:250,4
DA:255,4
DA:256,2
DA:258,2
DA:259,2
DA:260,4
DA:262,4
DA:263,2
DA:281,3
DA:288,6
DA:289,6
DA:304,6
DA:306,3
DA:307,6
DA:309,9
DA:312,2
DA:314,1
DA:315,1
DA:319,1
DA:320,2
DA:322,2
DA:323,1
DA:324,2
DA:335,6
DA:337,12
DA:339,3
DA:340,4
DA:344,1
DA:347,3
DA:348,2
DA:350,2
DA:354,1
DA:357,0
DA:358,0
DA:360,0
DA:361,0
DA:362,0
DA:364,0
DA:365,0
DA:370,1
DA:371,1
DA:391,4
DA:407,1
DA:408,1
DA:410,3
DA:411,6
DA:412,3
DA:415,10
DA:416,3
DA:417,3
DA:421,3
DA:426,3
DA:427,4
DA:429,6
DA:433,3
DA:435,3
DA:436,6
DA:439,2
DA:441,2
DA:442,4
DA:445,2
DA:447,2
DA:448,2
LF:112
LH:105
end_of_record
SF:lib/src/collections/list_notifier.dart
DA:50,1
DA:55,2
DA:81,1
DA:82,2
DA:83,1
DA:87,1
DA:88,1
DA:89,1
DA:90,1
DA:100,1
DA:101,1
DA:102,1
DA:103,2
DA:107,1
DA:108,1
DA:109,1
DA:110,1
DA:113,1
DA:114,1
DA:117,1
DA:118,1
DA:119,1
DA:120,1
DA:122,1
DA:123,1
DA:124,1
DA:127,1
DA:131,1
DA:132,1
DA:142,1
DA:143,1
DA:148,0
DA:150,0
DA:151,0
DA:152,0
DA:155,1
DA:156,1
DA:158,1
DA:161,5
DA:162,1
DA:164,1
DA:165,1
DA:168,1
DA:170,1
DA:171,1
DA:172,1
DA:175,1
DA:177,1
DA:178,1
DA:179,1
DA:182,1
DA:184,2
DA:185,1
DA:186,1
DA:189,1
DA:191,1
DA:192,0
DA:194,2
DA:197,0
DA:199,3
DA:200,1
DA:201,2
DA:205,1
DA:206,1
DA:209,1
DA:211,1
DA:212,1
DA:213,1
DA:216,1
DA:218,1
DA:219,1
DA:220,1
DA:223,1
DA:225,1
DA:226,1
DA:227,1
DA:231,1
DA:233,1
DA:234,1
DA:235,1
DA:239,1
DA:241,1
DA:242,1
DA:243,1
DA:247,1
DA:249,1
DA:250,1
DA:251,1
DA:254,1
DA:256,2
DA:257,1
DA:259,1
DA:263,1
DA:266,1
DA:268,2
DA:270,1
DA:271,2
DA:273,1
DA:275,1
DA:276,1
DA:279,1
DA:281,2
DA:282,1
DA:284,1
DA:288,1
DA:291,1
DA:293,1
DA:296,1
DA:297,1
DA:300,1
DA:302,1
DA:305,1
DA:306,1
DA:309,1
DA:311,1
DA:314,1
DA:315,1
DA:318,1
DA:320,1
DA:323,1
DA:324,1
LF:121
LH:115
end_of_record
SF:lib/src/collections/map_notifier.dart
DA:61,1
DA:66,2
DA:109,1
DA:110,2
DA:111,1
DA:115,1
DA:116,1
DA:117,1
DA:118,1
DA:129,1
DA:130,1
DA:132,1
DA:133,1
DA:135,1
DA:137,1
DA:138,2
DA:139,3
DA:140,1
DA:142,1
DA:143,1
DA:146,1
DA:148,1
DA:149,1
DA:150,1
DA:153,1
DA:154,1
DA:157,1
DA:158,1
DA:159,1
DA:160,1
DA:162,1
DA:163,1
DA:164,1
DA:167,1
DA:170,1
DA:172,1
DA:175,1
DA:177,1
DA:178,1
DA:179,1
DA:182,1
DA:184,2
DA:185,1
DA:186,1
DA:200,1
DA:202,1
DA:204,1
DA:205,1
DA:206,1
DA:207,1
DA:211,2
DA:212,1
DA:214,1
DA:217,1
DA:219,1
DA:220,1
DA:221,1
DA:222,1
DA:223,1
DA:228,1
DA:230,2
DA:231,1
DA:233,1
DA:238,1
DA:241,1
DA:243,1
DA:244,1
DA:245,1
DA:246,1
DA:247,3
DA:248,2
DA:249,1
DA:254,1
DA:255,1
DA:256,1
DA:257,1
DA:261,0
DA:264,1
DA:266,2
DA:267,1
DA:269,2
DA:270,2
DA:274,1
LF:83
LH:82
end_of_record
SF:lib/src/collections/set_notifier.dart
DA:75,1
DA:79,1
DA:122,1
DA:123,2
DA:124,1
DA:128,1
DA:129,1
DA:130,1
DA:131,1
DA:134,1
DA:135,1
DA:138,1
DA:139,1
DA:140,1
DA:141,1
DA:143,1
DA:144,1
DA:145,1
DA:148,1
DA:152,1
DA:153,1
DA:163,1
DA:164,1
DA:169,1
DA:171,1
DA:172,1
DA:173,1
DA:177,1
DA:179,1
DA:183,1
DA:184,1
DA:187,1
DA:189,2
DA:190,1
DA:191,1
DA:194,1
DA:196,1
DA:197,1
DA:198,1
DA:202,1
DA:204,1
DA:205,1
DA:206,3
DA:207,1
DA:210,1
DA:212,2
DA:213,1
DA:215,1
DA:219,1
DA:222,1
DA:224,1
DA:225,1
DA:226,3
DA:227,1
DA:230,1
DA:232,2
DA:233,1
DA:235,1
DA:239,1
LF:59
LH:59
end_of_record
